<?xml version="1.0" encoding="UTF-8"?>
<!-- Generated by org.testng.reporters.JUnitReportReporter -->
<testsuite skipped="1" hostname="DESKTOP-FTI10EA" name="com.email.runner.ComposeEmailRunner" tests="1" failures="0" timestamp="15 Dec 2021 12:01:51 GMT" time="0.000" errors="0">
  <testcase name="runScenario" time="0.000" classname="com.email.runner.ComposeEmailRunner">
    <skipped/>
  </testcase> <!-- runScenario -->
</testsuite> <!-- com.email.runner.ComposeEmailRunner -->
